# JRE version: Java(TM) SE Runtime Environment (8.0_121-b13) (build 1.8.0_121-b13)
# Java VM: Java HotSpot(TM) 64-Bit Server VM (25.121-b13 mixed mode linux-amd64 compressed oops)
Heap:
 def new generation   total 19008K, used 3458K [0x00000000e0000000, 0x00000000e14a0000, 0x00000000eaaa0000)
  eden space 16896K,   7% used [0x00000000e0000000, 0x00000000e0150b88, 0x00000000e1080000)
  from space 2112K, 100% used [0x00000000e1290000, 0x00000000e14a0000, 0x00000000e14a0000)
  to   space 2112K,   0% used [0x00000000e1080000, 0x00000000e1080000, 0x00000000e1290000)
 tenured generation   total 42368K, used 14949K [0x00000000eaaa0000, 0x00000000ed400000, 0x0000000100000000)
   the space 42368K,  35% used [0x00000000eaaa0000, 0x00000000eb939598, 0x00000000eb939600, 0x00000000ed400000)
 Metaspace       used 7621K, capacity 8308K, committed 8448K, reserved 1056768K
  class space    used 896K, capacity 944K, committed 1024K, reserved 1048576K
GC Heap History (10 events):
Event: 2.482 GC heap before
{Heap before GC invocations=2 (full 0):
 def new generation   total 19008K, used 17131K [0x00000000e0000000, 0x00000000e14a0000, 0x00000000eaaa0000)
  eden space 16896K, 100% used [0x00000000e0000000, 0x00000000e1080000, 0x00000000e1080000)
  from space 2112K,  11% used [0x00000000e1080000, 0x00000000e10baf60, 0x00000000e1290000)
  to   space 2112K,   0% used [0x00000000e1290000, 0x00000000e1290000, 0x00000000e14a0000)
 tenured generation   total 42368K, used 1128K [0x00000000eaaa0000, 0x00000000ed400000, 0x0000000100000000)
   the space 42368K,   2% used [0x00000000eaaa0000, 0x00000000eabba210, 0x00000000eabba400, 0x00000000ed400000)
 Metaspace       used 6822K, capacity 7796K, committed 8064K, reserved 1056768K
  class space    used 837K, capacity 880K, committed 896K, reserved 1048576K
Event: 2.493 GC heap after
Heap after GC invocations=3 (full 0):
 def new generation   total 19008K, used 778K [0x00000000e0000000, 0x00000000e14a0000, 0x00000000eaaa0000)
  eden space 16896K,   0% used [0x00000000e0000000, 0x00000000e0000000, 0x00000000e1080000)
  from space 2112K,  36% used [0x00000000e1290000, 0x00000000e1352928, 0x00000000e14a0000)
  to   space 2112K,   0% used [0x00000000e1080000, 0x00000000e1080000, 0x00000000e1290000)
 tenured generation   total 42368K, used 1128K [0x00000000eaaa0000, 0x00000000ed400000, 0x0000000100000000)
   the space 42368K,   2% used [0x00000000eaaa0000, 0x00000000eabba210, 0x00000000eabba400, 0x00000000ed400000)
 Metaspace       used 6822K, capacity 7796K, committed 8064K, reserved 1056768K
  class space    used 837K, capacity 880K, committed 896K, reserved 1048576K
}
Event: 2.640 GC heap before
{Heap before GC invocations=3 (full 0):
 def new generation   total 19008K, used 17674K [0x00000000e0000000, 0x00000000e14a0000, 0x00000000eaaa0000)
  eden space 16896K, 100% used [0x00000000e0000000, 0x00000000e1080000, 0x00000000e1080000)
  from space 2112K,  36% used [0x00000000e1290000, 0x00000000e1352928, 0x00000000e14a0000)
  to   space 2112K,   0% used [0x00000000e1080000, 0x00000000e1080000, 0x00000000e1290000)
 tenured generation   total 42368K, used 1128K [0x00000000eaaa0000, 0x00000000ed400000, 0x0000000100000000)
   the space 42368K,   2% used [0x00000000eaaa0000, 0x00000000eabba210, 0x00000000eabba400, 0x00000000ed400000)
 Metaspace       used 6835K, capacity 7796K, committed 8064K, reserved 1056768K
  class space    used 837K, capacity 880K, committed 896K, reserved 1048576K
Event: 2.645 GC heap after
Heap after GC invocations=4 (full 0):
 def new generation   total 19008K, used 1139K [0x00000000e0000000, 0x00000000e14a0000, 0x00000000eaaa0000)
  eden space 16896K,   0% used [0x00000000e0000000, 0x00000000e0000000, 0x00000000e1080000)
  from space 2112K,  53% used [0x00000000e1080000, 0x00000000e119cc98, 0x00000000e1290000)
  to   space 2112K,   0% used [0x00000000e1290000, 0x00000000e1290000, 0x00000000e14a0000)
 tenured generation   total 42368K, used 1128K [0x00000000eaaa0000, 0x00000000ed400000, 0x0000000100000000)
   the space 42368K,   2% used [0x00000000eaaa0000, 0x00000000eabba210, 0x00000000eabba400, 0x00000000ed400000)
 Metaspace       used 6835K, capacity 7796K, committed 8064K, reserved 1056768K
  class space    used 837K, capacity 880K, committed 896K, reserved 1048576K
}
Event: 3.045 GC heap before
{Heap before GC invocations=4 (full 0):
 def new generation   total 19008K, used 18035K [0x00000000e0000000, 0x00000000e14a0000, 0x00000000eaaa0000)
  eden space 16896K, 100% used [0x00000000e0000000, 0x00000000e1080000, 0x00000000e1080000)
  from space 2112K,  53% used [0x00000000e1080000, 0x00000000e119cc98, 0x00000000e1290000)
  to   space 2112K,   0% used [0x00000000e1290000, 0x00000000e1290000, 0x00000000e14a0000)
 tenured generation   total 42368K, used 1128K [0x00000000eaaa0000, 0x00000000ed400000, 0x0000000100000000)
   the space 42368K,   2% used [0x00000000eaaa0000, 0x00000000eabba210, 0x00000000eabba400, 0x00000000ed400000)
 Metaspace       used 7202K, capacity 7988K, committed 8064K, reserved 1056768K
  class space    used 864K, capacity 880K, committed 896K, reserved 1048576K
Event: 3.059 GC heap after
Heap after GC invocations=5 (full 0):
 def new generation   total 19008K, used 2112K [0x00000000e0000000, 0x00000000e14a0000, 0x00000000eaaa0000)
  eden space 16896K,   0% used [0x00000000e0000000, 0x00000000e0000000, 0x00000000e1080000)
  from space 2112K, 100% used [0x00000000e1290000, 0x00000000e14a0000, 0x00000000e14a0000)
  to   space 2112K,   0% used [0x00000000e1080000, 0x00000000e1080000, 0x00000000e1290000)
 tenured generation   total 42368K, used 1857K [0x00000000eaaa0000, 0x00000000ed400000, 0x0000000100000000)
   the space 42368K,   4% used [0x00000000eaaa0000, 0x00000000eac70470, 0x00000000eac70600, 0x00000000ed400000)
 Metaspace       used 7202K, capacity 7988K, committed 8064K, reserved 1056768K
  class space    used 864K, capacity 880K, committed 896K, reserved 1048576K
}
Event: 4.074 GC heap before
{Heap before GC invocations=5 (full 0):
 def new generation   total 19008K, used 19008K [0x00000000e0000000, 0x00000000e14a0000, 0x00000000eaaa0000)
  eden space 16896K, 100% used [0x00000000e0000000, 0x00000000e1080000, 0x00000000e1080000)
  from space 2112K, 100% used [0x00000000e1290000, 0x00000000e14a0000, 0x00000000e14a0000)
  to   space 2112K,   0% used [0x00000000e1080000, 0x00000000e1080000, 0x00000000e1290000)
 tenured generation   total 42368K, used 1857K [0x00000000eaaa0000, 0x00000000ed400000, 0x0000000100000000)
   the space 42368K,   4% used [0x00000000eaaa0000, 0x00000000eac70470, 0x00000000eac70600, 0x00000000ed400000)
 Metaspace       used 7393K, capacity 8148K, committed 8448K, reserved 1056768K
  class space    used 880K, capacity 912K, committed 1024K, reserved 1048576K
Event: 4.218 GC heap after
Heap after GC invocations=6 (full 0):
 def new generation   total 19008K, used 2112K [0x00000000e0000000, 0x00000000e14a0000, 0x00000000eaaa0000)
  eden space 16896K,   0% used [0x00000000e0000000, 0x00000000e0000000, 0x00000000e1080000)
  from space 2112K, 100% used [0x00000000e1080000, 0x00000000e1290000, 0x00000000e1290000)
  to   space 2112K,   0% used [0x00000000e1290000, 0x00000000e1290000, 0x00000000e14a0000)
 tenured generation   total 42368K, used 9234K [0x00000000eaaa0000, 0x00000000ed400000, 0x0000000100000000)
   the space 42368K,  21% used [0x00000000eaaa0000, 0x00000000eb3a4b70, 0x00000000eb3a4c00, 0x00000000ed400000)
 Metaspace       used 7393K, capacity 8148K, committed 8448K, reserved 1056768K
  class space    used 880K, capacity 912K, committed 1024K, reserved 1048576K
}
Event: 5.215 GC heap before
{Heap before GC invocations=6 (full 0):
 def new generation   total 19008K, used 19008K [0x00000000e0000000, 0x00000000e14a0000, 0x00000000eaaa0000)
  eden space 16896K, 100% used [0x00000000e0000000, 0x00000000e1080000, 0x00000000e1080000)
  from space 2112K, 100% used [0x00000000e1080000, 0x00000000e1290000, 0x00000000e1290000)
  to   space 2112K,   0% used [0x00000000e1290000, 0x00000000e1290000, 0x00000000e14a0000)
 tenured generation   total 42368K, used 9234K [0x00000000eaaa0000, 0x00000000ed400000, 0x0000000100000000)
   the space 42368K,  21% used [0x00000000eaaa0000, 0x00000000eb3a4b70, 0x00000000eb3a4c00, 0x00000000ed400000)
 Metaspace       used 7587K, capacity 8308K, committed 8448K, reserved 1056768K
  class space    used 894K, capacity 944K, committed 1024K, reserved 1048576K
Event: 5.296 GC heap after
Heap after GC invocations=7 (full 0):
 def new generation   total 19008K, used 2112K [0x00000000e0000000, 0x00000000e14a0000, 0x00000000eaaa0000)
  eden space 16896K,   0% used [0x00000000e0000000, 0x00000000e0000000, 0x00000000e1080000)
  from space 2112K, 100% used [0x00000000e1290000, 0x00000000e14a0000, 0x00000000e14a0000)
  to   space 2112K,   0% used [0x00000000e1080000, 0x00000000e1080000, 0x00000000e1290000)
 tenured generation   total 42368K, used 14949K [0x00000000eaaa0000, 0x00000000ed400000, 0x0000000100000000)
   the space 42368K,  35% used [0x00000000eaaa0000, 0x00000000eb939598, 0x00000000eb939600, 0x00000000ed400000)
 Metaspace       used 7587K, capacity 8308K, committed 8448K, reserved 1056768K
  class space    used 894K, capacity 944K, committed 1024K, reserved 1048576K
}

